{
  "stats": {
    "suites": 4,
    "tests": 7,
    "passes": 7,
    "pending": 0,
    "failures": 0,
    "start": "2025-04-14T08:02:07.538Z",
    "end": "2025-04-14T08:02:17.028Z",
    "duration": 9490,
    "testsRegistered": 7,
    "passPercent": 100,
    "pendingPercent": 0,
    "other": 0,
    "hasOther": false,
    "skipped": 0,
    "hasSkipped": false
  },
  "results": [
    {
      "uuid": "4b342f63-53f3-4ae6-994f-ef240f746c19",
      "title": "",
      "fullFile": "",
      "file": "",
      "beforeHooks": [],
      "afterHooks": [],
      "tests": [],
      "suites": [
        {
          "uuid": "cdaee256-c0a4-4777-8787-8256a13f488d",
          "title": "@post add pet data",
          "fullFile": "/Users/muhammadashariadhitama/Documents/Repositories/api-automation-mocha-chai/api/test/add_pet_test.js",
          "file": "/api/test/add_pet_test.js",
          "beforeHooks": [],
          "afterHooks": [],
          "tests": [
            {
              "title": "@positive As a User, I want to add pet data with pet name: Cat1",
              "fullTitle": "@post add pet data @positive As a User, I want to add pet data with pet name: Cat1",
              "timedOut": false,
              "duration": 1648,
              "state": "passed",
              "speed": "slow",
              "pass": true,
              "fail": false,
              "pending": false,
              "context": null,
              "code": "const response = await page.addPet(data.addPet(petName, petCategory, petTags));\nconsole.log(response.body.category.name);\nassert(response.status).to.equal(200);\nassert(response.body.name).to.equal(petName);\nassert(response.body.category.name).to.equal(petCategory);\nassert(response.body.tags[0].name).to.equal(petTags);\n\t\t\tassert(response.body).to.be.jsonSchema(schema);",
              "err": {},
              "uuid": "8459f1bb-47df-4fc1-b53c-0952de3a5955",
              "parentUUID": "cdaee256-c0a4-4777-8787-8256a13f488d",
              "isHook": false,
              "skipped": false
            },
            {
              "title": "@positive As a User, I want to add pet data with pet name: Cat2",
              "fullTitle": "@post add pet data @positive As a User, I want to add pet data with pet name: Cat2",
              "timedOut": false,
              "duration": 1377,
              "state": "passed",
              "speed": "slow",
              "pass": true,
              "fail": false,
              "pending": false,
              "context": null,
              "code": "const response = await page.addPet(data.addPet(petName, petCategory, petTags));\nconsole.log(response.body.category.name);\nassert(response.status).to.equal(200);\nassert(response.body.name).to.equal(petName);\nassert(response.body.category.name).to.equal(petCategory);\nassert(response.body.tags[0].name).to.equal(petTags);\n\t\t\tassert(response.body).to.be.jsonSchema(schema);",
              "err": {},
              "uuid": "ee6788b9-ee08-4fec-894c-7fcb11eee793",
              "parentUUID": "cdaee256-c0a4-4777-8787-8256a13f488d",
              "isHook": false,
              "skipped": false
            },
            {
              "title": "@positive As a User, I want to add pet data with pet name: ",
              "fullTitle": "@post add pet data @positive As a User, I want to add pet data with pet name: ",
              "timedOut": false,
              "duration": 1182,
              "state": "passed",
              "speed": "slow",
              "pass": true,
              "fail": false,
              "pending": false,
              "context": null,
              "code": "const response = await page.addPet(data.addPet(petName, petCategory, petTags));\nconsole.log(response.body.category.name);\nassert(response.status).to.equal(200);\nassert(response.body.name).to.equal(petName);\nassert(response.body.category.name).to.equal(petCategory);\nassert(response.body.tags[0].name).to.equal(petTags);\n\t\t\tassert(response.body).to.be.jsonSchema(schema);",
              "err": {},
              "uuid": "26babbd1-b337-44d9-a4a2-4763d2bbd9d9",
              "parentUUID": "cdaee256-c0a4-4777-8787-8256a13f488d",
              "isHook": false,
              "skipped": false
            }
          ],
          "suites": [],
          "passes": [
            "8459f1bb-47df-4fc1-b53c-0952de3a5955",
            "ee6788b9-ee08-4fec-894c-7fcb11eee793",
            "26babbd1-b337-44d9-a4a2-4763d2bbd9d9"
          ],
          "failures": [],
          "pending": [],
          "skipped": [],
          "duration": 4207,
          "root": false,
          "rootEmpty": false,
          "_timeout": 180000
        },
        {
          "uuid": "6ca46b77-b19b-4ad8-a856-8ead74e1227a",
          "title": "@post add pet data",
          "fullFile": "/Users/muhammadashariadhitama/Documents/Repositories/api-automation-mocha-chai/api/test/add_pet_test.js",
          "file": "/api/test/add_pet_test.js",
          "beforeHooks": [],
          "afterHooks": [],
          "tests": [
            {
              "title": "@negative I'm unable to add pet data with space only as its name",
              "fullTitle": "@post add pet data @negative I'm unable to add pet data with space only as its name",
              "timedOut": false,
              "duration": 1275,
              "state": "passed",
              "speed": "slow",
              "pass": true,
              "fail": false,
              "pending": false,
              "context": null,
              "code": "const response = await page.addPet(data.addPet('', 'hello', 'yeah'));\nconsole.log(response.body);\nassert(response.status).to.equal(200);\nassert(response.body.name).to.equal('');\nassert(response.body.category.name).to.equal('hello');\nassert(response.body.tags[0].name).to.equal('yeah');\nassert(response.body).to.be.jsonSchema(schema);",
              "err": {},
              "uuid": "9d09cbc6-a3d5-48c3-8c2e-c11d000c9be1",
              "parentUUID": "6ca46b77-b19b-4ad8-a856-8ead74e1227a",
              "isHook": false,
              "skipped": false
            }
          ],
          "suites": [],
          "passes": [
            "9d09cbc6-a3d5-48c3-8c2e-c11d000c9be1"
          ],
          "failures": [],
          "pending": [],
          "skipped": [],
          "duration": 1275,
          "root": false,
          "rootEmpty": false,
          "_timeout": 180000
        },
        {
          "uuid": "7f9cdcda-8a01-448d-ad37-4efc3cebfdbd",
          "title": "@getFindPetByStatus find pet By Status",
          "fullFile": "/Users/muhammadashariadhitama/Documents/Repositories/api-automation-mocha-chai/api/test/get_find_pet_by_status.js",
          "file": "/api/test/get_find_pet_by_status.js",
          "beforeHooks": [],
          "afterHooks": [],
          "tests": [
            {
              "title": "@get As a User, I want to find pet by status with status: available",
              "fullTitle": "@getFindPetByStatus find pet By Status @get As a User, I want to find pet by status with status: available",
              "timedOut": false,
              "duration": 1534,
              "state": "passed",
              "speed": "slow",
              "pass": true,
              "fail": false,
              "pending": false,
              "context": null,
              "code": "const response = await page.getFindPetByStatus({ status });\nassert(response.status).to.equal(code.successOk);\nassert(response.body).to.be.jsonSchema(schema); \nresponse.body.forEach((pet) => {\n    assert(pet.status).to.equal(status, `Pet ID ${pet.id} has incorrect status`);\n});",
              "err": {},
              "uuid": "b1b265e3-e13f-47dc-b246-9bf21961ea7a",
              "parentUUID": "7f9cdcda-8a01-448d-ad37-4efc3cebfdbd",
              "isHook": false,
              "skipped": false
            },
            {
              "title": "@get As a User, I want to find pet by status with status: pending",
              "fullTitle": "@getFindPetByStatus find pet By Status @get As a User, I want to find pet by status with status: pending",
              "timedOut": false,
              "duration": 1012,
              "state": "passed",
              "speed": "slow",
              "pass": true,
              "fail": false,
              "pending": false,
              "context": null,
              "code": "const response = await page.getFindPetByStatus({ status });\nassert(response.status).to.equal(code.successOk);\nassert(response.body).to.be.jsonSchema(schema); \nresponse.body.forEach((pet) => {\n    assert(pet.status).to.equal(status, `Pet ID ${pet.id} has incorrect status`);\n});",
              "err": {},
              "uuid": "51734bd2-d434-4f26-85cf-ac977ed0f167",
              "parentUUID": "7f9cdcda-8a01-448d-ad37-4efc3cebfdbd",
              "isHook": false,
              "skipped": false
            }
          ],
          "suites": [],
          "passes": [
            "b1b265e3-e13f-47dc-b246-9bf21961ea7a",
            "51734bd2-d434-4f26-85cf-ac977ed0f167"
          ],
          "failures": [],
          "pending": [],
          "skipped": [],
          "duration": 2546,
          "root": false,
          "rootEmpty": false,
          "_timeout": 180000
        },
        {
          "uuid": "bc9f6f89-d31d-429e-b500-114bdf1e0b3d",
          "title": "@getFindPetById find pet By ID",
          "fullFile": "/Users/muhammadashariadhitama/Documents/Repositories/api-automation-mocha-chai/api/test/get_pet_by_id.js",
          "file": "/api/test/get_pet_by_id.js",
          "beforeHooks": [],
          "afterHooks": [],
          "tests": [
            {
              "title": "As a User, I want to find pet by ID with spesific pet ID 1",
              "fullTitle": "@getFindPetById find pet By ID As a User, I want to find pet by ID with spesific pet ID 1",
              "timedOut": false,
              "duration": 1449,
              "state": "passed",
              "speed": "slow",
              "pass": true,
              "fail": false,
              "pending": false,
              "context": null,
              "code": "const response = await page.getPetById(petId);\nassert(response.status).to.equal(code.successOk); \nassert(response.body).to.be.jsonSchema(schema); \nassert(response.body.id).to.equal(petId, 'Pet ID does not match the requested ID');",
              "err": {},
              "uuid": "699b197d-c0b3-4fea-99bb-39248b16355f",
              "parentUUID": "bc9f6f89-d31d-429e-b500-114bdf1e0b3d",
              "isHook": false,
              "skipped": false
            }
          ],
          "suites": [],
          "passes": [
            "699b197d-c0b3-4fea-99bb-39248b16355f"
          ],
          "failures": [],
          "pending": [],
          "skipped": [],
          "duration": 1449,
          "root": false,
          "rootEmpty": false,
          "_timeout": 180000
        }
      ],
      "passes": [],
      "failures": [],
      "pending": [],
      "skipped": [],
      "duration": 0,
      "root": true,
      "rootEmpty": true,
      "_timeout": 180000
    }
  ],
  "meta": {
    "mocha": {
      "version": "10.8.2"
    },
    "mochawesome": {
      "options": {
        "quiet": false,
        "reportFilename": "mochawesome",
        "saveHtml": true,
        "saveJson": true,
        "consoleReporter": "spec",
        "useInlineDiffs": false,
        "code": true
      },
      "version": "7.1.3"
    },
    "marge": {
      "options": {
        "reportDir": "reports/mochawesome/"
      },
      "version": "6.2.0"
    }
  }
}